<?xml version="1.0" encoding="UTF-8"?>
<!-- Generated by org.testng.reporters.JUnitReportReporter -->
<testsuite hostname="IN2253656W1" failures="0" tests="10" name="com.testClasses.TC_DataDrivenTest" time="0.009" errors="0" timestamp="2021-03-02T16:19:47 IST" skipped="0">
  <testcase classname="com.testClasses.TC_DataDrivenTest" name="Test" time="0.001"/>
  <system-out/>
  <testcase classname="com.testClasses.TC_DataDrivenTest" name="Test" time="0.000"/>
  <system-out/>
  <testcase classname="com.testClasses.TC_DataDrivenTest" name="Test" time="0.003"/>
  <system-out/>
  <testcase classname="com.testClasses.TC_DataDrivenTest" name="Test" time="0.001"/>
  <system-out/>
  <testcase classname="com.testClasses.TC_DataDrivenTest" name="Test" time="0.002"/>
  <system-out/>
  <testcase classname="com.testClasses.TC_DataDrivenTest" name="Test" time="0.000"/>
  <system-out/>
  <testcase classname="com.testClasses.TC_DataDrivenTest" name="Test" time="0.001"/>
  <system-out/>
  <testcase classname="com.testClasses.TC_DataDrivenTest" name="Test" time="0.001"/>
  <system-out/>
  <testcase classname="com.testClasses.TC_DataDrivenTest" name="Test" time="0.000"/>
  <system-out/>
  <testcase classname="com.testClasses.TC_DataDrivenTest" name="Test" time="0.000"/>
  <system-out/>
</testsuite> <!-- com.testClasses.TC_DataDrivenTest -->
