<?xml version="1.0" encoding="UTF-8"?>
<!-- Generated by org.testng.reporters.JUnitReportReporter -->
<testsuite hostname="IN2253656W1" failures="0" tests="10" name="com.testClasses.TC_DataDrivenTest" time="87.205" errors="0" timestamp="2021-03-02T18:41:36 IST" skipped="0">
  <testcase classname="com.testClasses.TC_DataDrivenTest" name="Test" time="7.598"/>
  <system-out/>
  <testcase classname="com.testClasses.TC_DataDrivenTest" name="Test" time="7.423"/>
  <system-out/>
  <testcase classname="com.testClasses.TC_DataDrivenTest" name="Test" time="7.378"/>
  <system-out/>
  <testcase classname="com.testClasses.TC_DataDrivenTest" name="Test" time="10.214"/>
  <system-out/>
  <testcase classname="com.testClasses.TC_DataDrivenTest" name="Test" time="6.951"/>
  <system-out/>
  <testcase classname="com.testClasses.TC_DataDrivenTest" name="Test" time="11.244"/>
  <system-out/>
  <testcase classname="com.testClasses.TC_DataDrivenTest" name="Test" time="9.746"/>
  <system-out/>
  <testcase classname="com.testClasses.TC_DataDrivenTest" name="Test" time="6.932"/>
  <system-out/>
  <testcase classname="com.testClasses.TC_DataDrivenTest" name="Test" time="7.586"/>
  <system-out/>
  <testcase classname="com.testClasses.TC_DataDrivenTest" name="Test" time="12.133"/>
  <system-out/>
</testsuite> <!-- com.testClasses.TC_DataDrivenTest -->
