<?xml version="1.0" encoding="UTF-8"?>
<!-- Generated by org.testng.reporters.JUnitReportReporter -->
<testsuite hostname="IN2253656W1" failures="0" tests="1" name="com.testClasses.TC_AzureWebAppTest" time="21.548" errors="0" timestamp="2021-03-04T18:54:42 IST" skipped="0">
  <testcase classname="com.testClasses.TC_AzureWebAppTest" name="counterTest" time="21.548"/>
  <system-out/>
</testsuite> <!-- com.testClasses.TC_AzureWebAppTest -->
