<?xml version="1.0" encoding="UTF-8"?>
<!-- Generated by org.testng.reporters.JUnitReportReporter -->
<testsuite hostname="IN2253656W1" failures="0" tests="2" name="com.testClasses.TC_LoginTest_001" time="14.416" errors="0" timestamp="2021-03-02T16:19:47 IST" skipped="0">
  <testcase classname="com.testClasses.TC_LoginTest_001" name="loginTest" time="6.496"/>
  <system-out/>
  <testcase classname="com.testClasses.TC_LoginTest_001" name="loginTest" time="7.920"/>
  <system-out/>
</testsuite> <!-- com.testClasses.TC_LoginTest_001 -->
