<?xml version="1.0" encoding="UTF-8"?>
<!-- Generated by org.testng.reporters.JUnitReportReporter -->
<testsuite hostname="IN2253656W1" failures="0" tests="1" name="com.testClasses.TC_001_VerifyAppTitle" time="11.705" errors="0" timestamp="2021-03-05T19:05:45 IST" skipped="0">
  <testcase classname="com.testClasses.TC_001_VerifyAppTitle" name="loginTest" time="11.705"/>
  <system-out/>
</testsuite> <!-- com.testClasses.TC_001_VerifyAppTitle -->
